<?xml version="1.0" encoding="UTF-8"?>
<!-- Generated by org.testng.reporters.JUnitReportReporter -->
<testsuite hostname="DESKTOP-G0D5220" failures="0" tests="1" name="loginTestCases.CorrectUsername" time="5.934" errors="0" timestamp="2022-07-14T19:25:09 IST" skipped="0">
  <testcase classname="loginTestCases.CorrectUsername" name="loginwithcorrectusername" time="5.934"/>
  <system-out/>
</testsuite> <!-- loginTestCases.CorrectUsername -->
