<?xml version="1.0" encoding="UTF-8"?>
<!-- Generated by org.testng.reporters.JUnitReportReporter -->
<testsuite hostname="DESKTOP-G0D5220" failures="0" tests="4" name="loginTestCases.Login" time="29.680" errors="0" timestamp="2022-06-18T15:50:21 IST" skipped="0">
  <testcase classname="loginTestCases.Login" name="loginwithBothcorrect" time="10.612"/>
  <system-out/>
  <testcase classname="loginTestCases.Login" name="loginwithBothcorrect" time="6.547"/>
  <system-out/>
  <testcase classname="loginTestCases.Login" name="loginwithBothcorrect" time="6.033"/>
  <system-out/>
  <testcase classname="loginTestCases.Login" name="loginwithBothcorrect" time="6.488"/>
  <system-out/>
</testsuite> <!-- loginTestCases.Login -->
