<?xml version="1.0" encoding="UTF-8"?>
<!-- Generated by org.testng.reporters.JUnitReportReporter -->
<testsuite hostname="DESKTOP-G0D5220" failures="0" tests="4" name="loginTestCases.DataproviderLogin" time="28.491" errors="0" timestamp="2022-07-15T11:57:20 IST" skipped="0">
  <testcase classname="loginTestCases.DataproviderLogin" name="loginwithBothcorrect" time="6.052"/>
  <system-out/>
  <testcase classname="loginTestCases.DataproviderLogin" name="loginwithBothcorrect" time="5.579"/>
  <system-out/>
  <testcase classname="loginTestCases.DataproviderLogin" name="loginwithBothcorrect" time="5.946"/>
  <system-out/>
  <testcase classname="loginTestCases.DataproviderLogin" name="loginwithBothcorrect" time="10.914"/>
  <system-out/>
</testsuite> <!-- loginTestCases.DataproviderLogin -->
