<?xml version="1.0" encoding="UTF-8"?>
<!-- Generated by org.testng.reporters.JUnitReportReporter -->
<testsuite hostname="DESKTOP-G0D5220" failures="0" tests="4" name="loginTestCases.DatadrivenInfomats" time="42.769" errors="0" timestamp="2022-07-19T12:16:05 IST" skipped="0">
  <testcase classname="loginTestCases.DatadrivenInfomats" name="fnull" time="1.872"/>
  <system-out/>
  <testcase classname="loginTestCases.DatadrivenInfomats" name="fillegal" time="1.069"/>
  <system-out/>
  <testcase classname="loginTestCases.DatadrivenInfomats" name="finvalid" time="17.005"/>
  <system-out/>
  <testcase classname="loginTestCases.DatadrivenInfomats" name="fvalid" time="22.823"/>
  <system-out/>
</testsuite> <!-- loginTestCases.DatadrivenInfomats -->
