<?xml version="1.0" encoding="UTF-8"?>
<!-- Generated by org.testng.reporters.JUnitReportReporter -->
<testsuite hostname="DESKTOP-G0D5220" failures="0" tests="4" name="loginTestCases.LoginWithJxlExcel" time="13.198" errors="0" timestamp="2022-07-15T16:29:00 IST" skipped="0">
  <testcase classname="loginTestCases.LoginWithJxlExcel" name="loginwithBothcorrect" time="1.975"/>
  <system-out/>
  <testcase classname="loginTestCases.LoginWithJxlExcel" name="loginwithBothcorrect" time="1.677"/>
  <system-out/>
  <testcase classname="loginTestCases.LoginWithJxlExcel" name="loginwithBothcorrect" time="4.882"/>
  <system-out/>
  <testcase classname="loginTestCases.LoginWithJxlExcel" name="loginwithBothcorrect" time="4.664"/>
  <system-out/>
</testsuite> <!-- loginTestCases.LoginWithJxlExcel -->
