<?xml version="1.0" encoding="UTF-8"?>
<!-- Generated by org.testng.reporters.JUnitReportReporter -->
<testsuite hostname="DESKTOP-G0D5220" failures="0" tests="4" name="loginTestCases.LoginWithExcel" time="30.277" errors="0" timestamp="2022-06-18T18:29:30 IST" skipped="0">
  <testcase classname="loginTestCases.LoginWithExcel" name="loginwithBothcorrect" time="9.957"/>
  <system-out/>
  <testcase classname="loginTestCases.LoginWithExcel" name="loginwithBothcorrect" time="6.752"/>
  <system-out/>
  <testcase classname="loginTestCases.LoginWithExcel" name="loginwithBothcorrect" time="7.098"/>
  <system-out/>
  <testcase classname="loginTestCases.LoginWithExcel" name="loginwithBothcorrect" time="6.470"/>
  <system-out/>
</testsuite> <!-- loginTestCases.LoginWithExcel -->
